https://www.washingtonpost.com/world/national-security/trump-revealed-highly-classified-information-to-russian-foreign-minister-and-ambassador/2017/05/15/530c172a-3960-11e7-9e48-c4f199710b69_story.html?utm_term=.5f5763864490
http://www.parl.ca/LegisInfo/BillDetails.aspx?billId=8108134&Language=E&Mode=1
http://www.bbc.com/news/science-environment-39922998
https://www.washingtonpost.com/world/national-security/trump-revealed-highly-classified-information-to-russian-foreign-minister-and-ambassador/2017/05/15/530c172a-3960-11e7-9e48-c4f199710b69_story.html?utm_term=.5f5763864490
http://www.parl.ca/LegisInfo/BillDetails.aspx?billId=8108134&Language=E&Mode=1
http://www.independent.co.uk/news/world/americas/us-politics/german-mp-burkhard-lischka-donald-trump-security-risk-western-world-russia-classified-bundestag-a7740031.html
http://www.reuters.com/article/us-usa-trump-russia-tweets-idUSKCN18C19Y
http://www.independent.co.uk/news/world/americas/us-politics/german-mp-burkhard-lischka-donald-trump-security-risk-western-world-russia-classified-bundestag-a7740031.html
http://www.bbc.com/news/world-us-canada-39943267
http://time.com/4781153/donald-trump-islam-speech-saudi-arabia/
https://www.thesun.co.uk/uncategorized/3581911/turkish-presidents-bodyguards-batter-washington-dc-protesters-leaving-them-covered-in-blood-while-leader-meets-trump-at-the-white-house/
https://www.thesun.co.uk/uncategorized/3581911/turkish-presidents-bodyguards-batter-washington-dc-protesters-leaving-them-covered-in-blood-while-leader-meets-trump-at-the-white-house/
https://sputniknews.com/science/201705171053713964-hacker-release-more-tools-june/
https://www.sudosatirical.com/articles/kde-user-in-awe-experiences-stability-first-time/
https://www.reddit.com/r/kde/comments/6bogvh/mycroft_on_kde_debian/
https://www.youtube.com/watch?v=um-OEl6b9N4
https://www.reddit.com/r/kde/comments/6blmno/plasma_511_wallpaper_livestream/
https://www.sudosatirical.com/articles/man-loses-will-to-live-during-gentoo-install/
https://medium.com/elementaryos/new-release-elementary-os-loki-0-4-1-2a756549ee76
http://theweek.com/speedreads/700428/trump-signs-largest-arms-deal-american-history-saudi-arabia
http://thehill.com/homenews/administration/334383-nato-secretary-general-said-trump-has-a-12-second-attention-span
https://www.yahoo.com/news/pope-gave-donald-trump-192-215815197.html
https://www.alaraby.co.uk/english/news/2017/5/24/qatar-news-agency-hacked-as-fake-news-war-explodes
http://www.cbc.ca/beta/news/canada/montreal/stm-montreal-electric-bus-fleet-1.4128347
http://business.financialpost.com/personal-finance/mortgages-real-estate/70-per-cent-of-people-living-in-ontario-have-homes-that-are-too-big-or-too-small
https://www.theguardian.com/world/2017/may/29/paris-mayor-demands-black-feminist-festival-prohibits-white-people-banned-nyansapo
http://www.straitstimes.com/asia/east-asia/environment-friendly-garbage-disposal-method-in-china-uses-maggots-to-chomp-through
http://www.independent.co.uk/news/world/americas/us-politics/trump-climate-change-angela-merkel-confront-differences-g7-summit-paris-agreement-a7761701.html
https://www.reddit.com/r/Sense8/comments/6e3rq6/just_finished_season_2/
https://www.reddit.com/r/Sense8/comments/6dyiys/ajays_gift_potential_spoilers/
https://www.reddit.com/r/Sense8/comments/6dywnt/danis_role_in_litos_sexual_relationship/
https://www.reddit.com/r/Sense8/comments/6dy6ty/how_is_jonaa_alive/
https://www.reddit.com/r/Sense8/comments/6du0rt/sensates_and_their_people_spoilers_all/
https://www.reddit.com/r/Sense8/comments/6dshoq/amanita_and_the_weeping_angel/
https://www.reddit.com/r/Sense8/comments/6dvrko/is_todd_really_dead_will_he_be_back_next_season/
https://www.reddit.com/r/Sense8/comments/6dy6ty/how_is_jonaa_alive/
https://www.reddit.com/r/Sense8/comments/6dy6ty/how_is_jonaa_alive/
http://i.imgur.com/ipv8v7p.mp4
https://www.reddit.com/r/Sense8/comments/6dscwz/not_sure_if_its_only_me_ive_seen_amanita_in_the/
https://www.reddit.com/r/Sense8/comments/6drids/finishing_sense8_tonight_what_do_i_watch_next/
https://www.reddit.com/r/Sense8/comments/6dx7xa/watched_7_episodes_of_season_2_so_far_does_anyone/
https://www.reddit.com/r/Sense8/comments/6drdgp/where_is_wolfgang_during_the_season_2_finale/
https://www.reddit.com/r/Sense8/comments/6dngao/season_2_finale_spoilers_as_much_as_i_liked_the/
https://www.reddit.com/r/Sense8/comments/6dhest/an_observation_on_riley/
https://www.reddit.com/r/Sense8/comments/6dhest/an_observation_on_riley/
https://www.reddit.com/r/Sense8/comments/6drzaw/so_you_replace_a_great_actor_with_a_decent_one/
https://www.reddit.com/r/Sense8/comments/6dk65e/sense8_cluster/
https://www.reddit.com/r/Sense8/comments/6dhd61/apparently_wills_drug_use_allows_him_to_tap_into/
https://www.reddit.com/r/Sense8/comments/6detau/spoilers_i_have_one_problem_with_nomi/
https://www.reddit.com/r/Sense8/comments/6detau/spoilers_i_have_one_problem_with_nomi/
https://www.reddit.com/r/Sense8/comments/6dhep6/riley_and_lito/
https://www.reddit.com/r/Sense8/comments/6derb3/just_finished_season_2/
https://www.reddit.com/r/Sense8/comments/6dflu2/who_tf_is_todd/
https://www.reddit.com/r/Sense8/comments/6dhzxb/i_missed_something_spoilers_this_whole_post_is_a/
https://www.reddit.com/r/Sense8/comments/6dhzxb/i_missed_something_spoilers_this_whole_post_is_a/
https://www.reddit.com/r/Sense8/comments/6degf9/what_does_cbm_means02e09/
https://www.reddit.com/r/Sense8/comments/6dctft/sensatessuperheros/
http://imgur.com/a/Vjsmv
https://www.reddit.com/r/Sense8/comments/6d7op8/the_cannibal_is_hunting/
https://i.redd.it/dq7peedivgzy.jpg
https://www.reddit.com/r/Sense8/comments/6d4m7w/something_im_not_getting_or_maybe_i_wasnt_paying/
https://www.reddit.com/r/Sense8/comments/6cyxia/lito_and_wolfgang/
https://www.reddit.com/r/Sense8/comments/6d2eyc/hernando_in_season_2/
https://www.reddit.com/r/Sense8/comments/6d0x3s/s2_e07_spoilers/
https://www.reddit.com/r/Sense8/comments/6cyk1e/one_problem_i_have_with_sense8/
https://www.reddit.com/r/Sense8/comments/6d0pxe/just_a_post_of_appreciation_to_other_nonregulars/
https://i.redd.it/rqk6vg8lx7zy.png
https://www.reddit.com/r/Sense8/comments/6czkvq/my_problem_with_the_last_chapter_of_season_2/
https://www.reddit.com/r/Sense8/comments/6ct9uw/possible_spoilers_just_finished_season_2/
https://i.redd.it/ys5m7s35l5zy.gif
https://www.reddit.com/r/Sense8/comments/6cmqls/um_is_it_just_me/
https://www.reddit.com/r/Sense8/comments/6cppqs/capheus_and_politics/
https://www.reddit.com/r/Sense8/comments/6cntkh/my_favorite_quotes_of_sense_8_season_2/
https://www.reddit.com/r/Sense8/comments/6cmqgr/tw_addiction_heroin_in_season_2/
https://www.reddit.com/r/kde/comments/6cvjyl/two_things_about_okular_that_really_annoy_me/
https://www.reddit.com/r/kde/comments/6blmno/plasma_511_wallpaper_livestream/
http://www.journaldequebec.com/2017/05/30/petit-scenario-dhorreur-sur-la-mort-du-pq
https://www.youtube.com/watch?v=Oo5PJ_q7JRg
http://ici.radio-canada.ca/nouvelle/1036610/election-partielle-gouin-alliance-pq-qs-parti-quebecois-quebec-solidaire-gabriel-nadeau-dubois
http://thehill.com/blogs/blog-briefing-room/335591-nordic-leaders-troll-trump-orb-photo
https://motherboard.vice.com/en_us/article/wikipedias-switch-to-https-has-successfully-fought-government-censorship
https://www.yahoo.com/news/italy-backs-merkel-call-stronger-europe-age-trump-134911720.html
https://www.axios.com/scoop-trump-is-pulling-u-s-out-of-paris-climate-deal-2427773025.html
https://www.apnews.com/11a48fde81634789b1cc361696693b68/Trump-to-world-leaders:-Call-me-maybe-_-on-my-cellphone
http://www.reuters.com/article/us-usa-climatechange-eu-idUSKBN18R1Q0?il=0
http://www.independent.co.uk/news/world/americas/germany-donald-trump-criticism-russia-saudi-arabia-silent-angela-merkel-car-company-military-trade-a7764651.html
http://www.journaldequebec.com/2017/05/30/le-terme-politburo-est-une-insulte-dit-masse
https://www.facebook.com/doironsamuel/photos/a.2285680224990577.1073741830.2277066449185288/2306090122949587/?type=1&theater
http://money.cnn.com/2017/05/31/news/elon-musk-paris-climate-deal-trump/
https://www.theguardian.com/us-news/2017/may/31/donald-trump-russia-investigation-sean-spicer-no-questions
https://tvshowpatrol.com/news/sense8-canceled-netflix-exclusive/
https://www.reddit.com/r/Sense8/comments/6eox4d/number_of_people_who_want_netflix_to_go_fuck/
https://i.redd.it/6m2u650zr21z.png
https://www.reddit.com/r/Sense8/comments/6eoyco/i_just_realised_something_absolutely_devastating/
https://i.imgur.com/zomEUh2.png
https://www.reddit.com/r/Sense8/comments/6eol8s/what_are_the_chances_of_getting_a_sense8_movie/
https://i.redd.it/iw7p0wfci41z.jpg
http://imgur.com/a/GG3ka
https://english.kyodonews.net/news/2017/06/17ccc62a211a-sapporo-becomes-1st-major-japanese-city-to-recognize-lgbt-couples.html
https://www.commondreams.org/news/2017/06/02/earth-trump-you-are-your-own
https://i.redd.it/h6yjdzf0sb1z.jpg
http://www.iflscience.com/environment/vatican-compares-trump-to-flatearthers-over-his-climate-agreement-withdrawl/
http://www.cbc.ca/news/opinion/canada-customs-1.4143077
http://www.lapresse.ca/actualites/politique/politique-quebecoise/201706/03/01-5104103-gaetan-barrette-se-sent-en-exil-au-canada.php
https://twitter.com/pascalberube/status/871357535558696960
https://www.curbed.com/2017/6/1/15726376/paris-accord-climate-change-mayors-trump
http://i.imgur.com/xZYR7TL.jpg
http://imgur.com/bP6Wojc
https://i.imgur.com/RKAXdsq.jpg
https://i.redd.it/beh7l0btuo1z.png
https://i.redd.it/8zuvv3uhho1z.jpg
https://i.redd.it/csikrru9j71z.jpg
http://i.imgur.com/3cdJOtj.jpg
https://www.reddit.com/r/LaTeX/comments/6e9i7f/why_isnt_this_working/
https://www.reddit.com/r/LaTeX/comments/6eu4px/create_a_quality_table/
https://www.reddit.com/r/i3wm/comments/6fii19/what_terminal_emulator_is_everybody_using/
https://www.reddit.com/r/i3wm/comments/6ffbp0/skype4linux_and_i3wm/
https://www.reddit.com/r/i3wm/comments/6exzgs/meet_i3configger/
https://theintercept.com/2017/06/05/top-secret-nsa-report-details-russian-hacking-effort-days-before-2016-election/
https://i.redd.it/epsrdz9izo1z.jpg
http://i.imgur.com/WRsBkhK.jpg
https://i.imgur.com/nMNZOHE.jpg
https://i.redd.it/bxf34o1n9t1z.jpg
https://i.redd.it/gyqefjduwv1z.jpg
https://i.redd.it/gyqefjduwv1z.jpg
https://i.redd.it/v7z8eaa3sx1z.jpg
http://imgur.com/lFVlHsA
https://static01.nyt.com/images/2017/06/06/world/06Qatar/06Qatar-superJumbo.jpg
https://upload.wikimedia.org/wikipedia/commons/5/53/France-000641_-_Port_of_Trouville-sur-Mer_%2814790826947%29.jpg
https://i.redd.it/7t87plo9ov1z.jpg
https://www.flickr.com/photos/anshar73/34272176754/
https://i.redd.it/8pf9giwoim1z.jpg
https://i.redd.it/yn9gf4cbbu1z.jpg
https://www.flickr.com/photos/uncreativealias/34737278010/
https://imgur.com/tXKxiAO
https://imgur.com/tXKxiAO
https://i.redd.it/6xfmlhmtuq1z.jpg
https://i.redd.it/dzmpcrfctu1z.jpg
https://www.flickr.com/photos/angheloflores/29058596892/sizes/h/
https://i.redd.it/5y5c047jqq1z.jpg
https://i.redd.it/ttv8r3qc4u1z.jpg
https://i.redd.it/ttv8r3qc4u1z.jpg
https://www.flickr.com/photos/_ad/34983900571
https://i.redd.it/1ynmsha3au1z.jpg
https://i.redd.it/hmm76lszir1z.jpg
https://s2.reutersmedia.net/resources/r/?m=02&d=20170605&t=2&i=1187577418&w=&fh=&fw=&ll=&pl=&sq=&r=LYNXMPED54074
http://i.imgur.com/jO2fCWA.jpg
https://imgur.com/a/hkyDy
http://imgur.com/a/a4ybB
http://imgur.com/gallery/tYhgx
http://i.imgur.com/hCLukHf.jpg
http://imgur.com/a/f2kvt#0
http://i.imgur.com/U6TvKfz.png
http://i.imgur.com/0S3hN74.png
http://a.pomf.se/gvhnnb.png
http://a.pomf.se/gvhnnb.png
http://i.imgur.com/DevsVls.png
http://i.imgur.com/dgrosGm.jpg
http://i.imgur.com/7KDXEOY.jpg
http://imgur.com/a/Xy5jH
https://www.reddit.com/r/archlinux/comments/6fmbbt/finally_removed_qt4/
https://www.reddit.com/r/archlinux/comments/6fm5qg/netctl_wpa2enterprise_peap/
https://www.reddit.com/r/archlinux/comments/6fk50v/how_to_change_text_mode_font/
https://www.reddit.com/r/archlinux/comments/6fk50v/how_to_change_text_mode_font/
http://www.muslimpress.com/en/tiny/news-107959
https://beta.theglobeandmail.com/news/politics/canada-must-re-invest-in-military-as-us-withdraws-from-world-freeland-says/article35212024/?ref=https://www.theglobeandmail.com&service=mobile
http://www.independent.co.uk/news/world/americas/us-politics/trump-paris-agreement-climate-change-scientists-weather-report-comments-overheard-a7773926.html
http://edition.cnn.com/2017/06/05/politics/acting-ambassador-to-china-david-rank-resigns/index.html
https://www.bloomberg.com/politics/articles/2017-06-06/ghani-says-afghanistan-suffering-undeclared-war-from-pakistan
http://www.bbc.co.uk/news/world-europe-40178183?ns_mchannel=social&ns_campaign=bbc_breaking&ns_source=twitter&ns_linkname=news_central
https://theintercept.com/2017/06/05/be-careful-celebrating-googles-new-ad-blocker-heres-whats-really-going-on/
https://www.reddit.com/r/canada/comments/6ffdc2/breitbart_and_the_daily_caller_claim_that_5000/
http://ottawacitizen.com/news/local-news/expect-some-empty-shelves-and-lineups-when-canada-legalizes-pot
https://www.theglobeandmail.com/news/politics/top-bernier-adviser-calls-tory-leadership-vote-a-fiasco/article35211726/
https://i.redd.it/4rd3gewo912z.jpg
https://gnupg.org/donate/
https://docs.google.com/presentation/d/17Hml1iFqdXElxOcrh9caQSC5px5mDgaS015Vhaz42ZY/
https://www.reddit.com/r/linux/comments/6fp7o9/appimage_bundling/
https://www.reddit.com/r/linux/comments/6foimi/looking_for_a_thin_low_end_laptop_to_try_ubuntu/
https://www.youtube.com/watch?v=cRQcL7J3fZQ
https://www.reddit.com/r/linux/comments/6fpyha/im_somewhat_of_a_linux_illiterate_trying_to/
https://www.reddit.com/r/kde/comments/6fk6ca/synced_terminal_wallpaper_and_panel_colors_in_kde/
https://www.reddit.com/r/filesharing/comments/6f10j9/sharing_files_via_local_area_network/
https://i.redd.it/bdn35pu49ivy.jpg
https://www.reddit.com/r/filesharing/comments/6fm4d3/four_share_media_file_hostingearn_per_download/
http://www.bbc.co.uk/news/live/election-2017-40171454
http://www.abc.net.au/news/2017-06-09/baby-bird-discovered-in-99-million-year-old-amber/8603798
http://www.businessinsider.com/emmanuel-macron-american-climate-scientists-france-2017-6?utm_content=buffera1793&utm_medium=social&utm_source=facebook.com&utm_campaign=buffer-science
http://www.reuters.com/article/us-usa-trump-russia-idUSKBN18Z0HC?il=0
http://www.reuters.com/article/us-usa-trump-russia-idUSKBN18Z0HC?il=0
https://www.reddit.com/r/babyfurs/comments/5ebyps/official_rbabyfurs_chat/
https://i.redd.it/1whpzmmahayy.png
https://i.redd.it/1whpzmmahayy.png
https://www.reddit.com/r/babyfurs/comments/6dot1f/other_subreddits/
https://www.reddit.com/r/babyfurs/comments/6api31/message/
http://www.furaffinity.net/view/23657164/
http://imgur.com/a/Kk7zR
http://i.imgur.com/Dp1vjZd.png